0 info it worked if it ends with ok
1 verbose cli [ 'I:\\soft\\nodev6\\node.exe',
1 verbose cli   'I:\\soft\\nodev6\\node_modules\\npm\\bin\\npm-cli.js',
1 verbose cli   'start' ]
2 info using npm@3.8.9
3 info using node@v6.2.0
4 verbose stack Error: missing script: start
4 verbose stack     at run (I:\soft\nodev6\node_modules\npm\lib\run-script.js:150:19)
4 verbose stack     at I:\soft\nodev6\node_modules\npm\lib\run-script.js:60:5
4 verbose stack     at I:\soft\nodev6\node_modules\npm\node_modules\read-package-json\read-json.js:356:5
4 verbose stack     at checkBinReferences_ (I:\soft\nodev6\node_modules\npm\node_modules\read-package-json\read-json.js:320:45)
4 verbose stack     at final (I:\soft\nodev6\node_modules\npm\node_modules\read-package-json\read-json.js:354:3)
4 verbose stack     at then (I:\soft\nodev6\node_modules\npm\node_modules\read-package-json\read-json.js:124:5)
4 verbose stack     at I:\soft\nodev6\node_modules\npm\node_modules\read-package-json\read-json.js:311:12
4 verbose stack     at I:\soft\nodev6\node_modules\npm\node_modules\graceful-fs\graceful-fs.js:78:16
4 verbose stack     at tryToString (fs.js:449:3)
4 verbose stack     at FSReqWrap.readFileAfterClose [as oncomplete] (fs.js:436:12)
5 verbose cwd G:\mygit\blog2
6 error Windows_NT 10.0.10240
7 error argv "I:\\soft\\nodev6\\node.exe" "I:\\soft\\nodev6\\node_modules\\npm\\bin\\npm-cli.js" "start"
8 error node v6.2.0
9 error npm  v3.8.9
10 error missing script: start
11 error If you need help, you may report this error at:
11 error     <https://github.com/npm/npm/issues>
12 verbose exit [ 1, true ]
